# JRE version: OpenJDK Runtime Environment (21.0.3) (build 21.0.3+-12282718-b509.11)
# Java VM: OpenJDK 64-Bit Server VM (21.0.3+-12282718-b509.11, mixed mode, tiered, compressed oops, compressed class ptrs, g1 gc, windows-amd64)
GC Precious Log:
 CardTable entry size: 512
 Card Set container configuration: InlinePtr #cards 5 size 8 Array Of Cards #cards 12 size 40 Howl #buckets 4 coarsen threshold 1843 Howl Bitmap #cards 512 size 80 coarsen threshold 460 Card regions per heap region 1 cards per card region 2048
 CPUs: 8 total, 8 available
 Memory: 5989M
 Large Page Support: Disabled
 NUMA Support: Disabled
 Compressed Oops: Enabled (32-bit)
 Heap Region Size: 1M
 Heap Min Capacity: 8M
 Heap Initial Capacity: 94M
 Heap Max Capacity: 2G
 Pre-touch: Disabled
 Parallel Workers: 8
 Concurrent Workers: 2
 Concurrent Refinement Workers: 8
 Periodic GC: Disabled
Heap:
 garbage-first heap   total 345088K, used 235025K [0x0000000080000000, 0x0000000100000000)
  region size 1024K, 39 young (39936K), 14 survivors (14336K)
 Metaspace       used 167004K, committed 169408K, reserved 1245184K
  class space    used 21443K, committed 22656K, reserved 1048576K
GC Heap History (20 events):
Event: 42.759 GC heap before
{Heap before GC invocations=41 (full 0):
 garbage-first heap   total 209920K, used 191094K [0x0000000080000000, 0x0000000100000000)
  region size 1024K, 69 young (70656K), 3 survivors (3072K)
 Metaspace       used 136659K, committed 138816K, reserved 1179648K
  class space    used 17578K, committed 18624K, reserved 1048576K
}
Event: 42.771 GC heap after
{Heap after GC invocations=42 (full 0):
 garbage-first heap   total 209920K, used 128448K [0x0000000080000000, 0x0000000100000000)
  region size 1024K, 7 young (7168K), 7 survivors (7168K)
 Metaspace       used 136659K, committed 138816K, reserved 1179648K
  class space    used 17578K, committed 18624K, reserved 1048576K
}
Event: 46.486 GC heap before
{Heap before GC invocations=43 (full 0):
 garbage-first heap   total 220160K, used 188864K [0x0000000080000000, 0x0000000100000000)
  region size 1024K, 67 young (68608K), 7 survivors (7168K)
 Metaspace       used 146502K, committed 148800K, reserved 1179648K
  class space    used 18934K, committed 20096K, reserved 1048576K
}
Event: 46.506 GC heap after
{Heap after GC invocations=44 (full 0):
 garbage-first heap   total 220160K, used 133342K [0x0000000080000000, 0x0000000100000000)
  region size 1024K, 9 young (9216K), 9 survivors (9216K)
 Metaspace       used 146502K, committed 148800K, reserved 1179648K
  class space    used 18934K, committed 20096K, reserved 1048576K
}
Event: 47.726 GC heap before
{Heap before GC invocations=44 (full 0):
 garbage-first heap   total 220160K, used 196830K [0x0000000080000000, 0x0000000100000000)
  region size 1024K, 72 young (73728K), 9 survivors (9216K)
 Metaspace       used 147267K, committed 149504K, reserved 1179648K
  class space    used 18967K, committed 20096K, reserved 1048576K
}
Event: 47.767 GC heap after
{Heap after GC invocations=45 (full 0):
 garbage-first heap   total 220160K, used 135226K [0x0000000080000000, 0x0000000100000000)
  region size 1024K, 7 young (7168K), 7 survivors (7168K)
 Metaspace       used 147267K, committed 149504K, reserved 1179648K
  class space    used 18967K, committed 20096K, reserved 1048576K
}
Event: 48.566 GC heap before
{Heap before GC invocations=45 (full 0):
 garbage-first heap   total 220160K, used 198714K [0x0000000080000000, 0x0000000100000000)
  region size 1024K, 70 young (71680K), 7 survivors (7168K)
 Metaspace       used 147358K, committed 149568K, reserved 1179648K
  class space    used 18967K, committed 20096K, reserved 1048576K
}
Event: 48.580 GC heap after
{Heap after GC invocations=46 (full 0):
 garbage-first heap   total 220160K, used 136396K [0x0000000080000000, 0x0000000100000000)
  region size 1024K, 4 young (4096K), 4 survivors (4096K)
 Metaspace       used 147358K, committed 149568K, reserved 1179648K
  class space    used 18967K, committed 20096K, reserved 1048576K
}
Event: 49.470 GC heap before
{Heap before GC invocations=47 (full 0):
 garbage-first heap   total 322560K, used 196812K [0x0000000080000000, 0x0000000100000000)
  region size 1024K, 64 young (65536K), 4 survivors (4096K)
 Metaspace       used 147369K, committed 149632K, reserved 1179648K
  class space    used 18968K, committed 20096K, reserved 1048576K
}
Event: 49.477 GC heap after
{Heap after GC invocations=48 (full 0):
 garbage-first heap   total 322560K, used 137531K [0x0000000080000000, 0x0000000100000000)
  region size 1024K, 5 young (5120K), 5 survivors (5120K)
 Metaspace       used 147369K, committed 149632K, reserved 1179648K
  class space    used 18968K, committed 20096K, reserved 1048576K
}
Event: 53.652 GC heap before
{Heap before GC invocations=48 (full 0):
 garbage-first heap   total 322560K, used 307515K [0x0000000080000000, 0x0000000100000000)
  region size 1024K, 151 young (154624K), 5 survivors (5120K)
 Metaspace       used 148009K, committed 150272K, reserved 1179648K
  class space    used 19028K, committed 20160K, reserved 1048576K
}
Event: 53.700 GC heap after
{Heap after GC invocations=49 (full 0):
 garbage-first heap   total 345088K, used 170638K [0x0000000080000000, 0x0000000100000000)
  region size 1024K, 19 young (19456K), 19 survivors (19456K)
 Metaspace       used 148009K, committed 150272K, reserved 1179648K
  class space    used 19028K, committed 20160K, reserved 1048576K
}
Event: 54.984 GC heap before
{Heap before GC invocations=49 (full 0):
 garbage-first heap   total 345088K, used 182926K [0x0000000080000000, 0x0000000100000000)
  region size 1024K, 32 young (32768K), 19 survivors (19456K)
 Metaspace       used 148567K, committed 150848K, reserved 1179648K
  class space    used 19055K, committed 20224K, reserved 1048576K
}
Event: 55.015 GC heap after
{Heap after GC invocations=50 (full 0):
 garbage-first heap   total 345088K, used 175382K [0x0000000080000000, 0x0000000100000000)
  region size 1024K, 4 young (4096K), 4 survivors (4096K)
 Metaspace       used 148567K, committed 150848K, reserved 1179648K
  class space    used 19055K, committed 20224K, reserved 1048576K
}
Event: 59.158 GC heap before
{Heap before GC invocations=51 (full 0):
 garbage-first heap   total 345088K, used 298262K [0x0000000080000000, 0x0000000100000000)
  region size 1024K, 113 young (115712K), 4 survivors (4096K)
 Metaspace       used 157120K, committed 159488K, reserved 1245184K
  class space    used 20167K, committed 21376K, reserved 1048576K
}
Event: 59.170 GC heap after
{Heap after GC invocations=52 (full 0):
 garbage-first heap   total 345088K, used 192218K [0x0000000080000000, 0x0000000100000000)
  region size 1024K, 14 young (14336K), 14 survivors (14336K)
 Metaspace       used 157120K, committed 159488K, reserved 1245184K
  class space    used 20167K, committed 21376K, reserved 1048576K
}
Event: 62.031 GC heap before
{Heap before GC invocations=52 (full 0):
 garbage-first heap   total 345088K, used 303834K [0x0000000080000000, 0x0000000100000000)
  region size 1024K, 119 young (121856K), 14 survivors (14336K)
 Metaspace       used 166093K, committed 168512K, reserved 1245184K
  class space    used 21330K, committed 22528K, reserved 1048576K
}
Event: 62.056 GC heap after
{Heap after GC invocations=53 (full 0):
 garbage-first heap   total 345088K, used 199811K [0x0000000080000000, 0x0000000100000000)
  region size 1024K, 7 young (7168K), 7 survivors (7168K)
 Metaspace       used 166093K, committed 168512K, reserved 1245184K
  class space    used 21330K, committed 22528K, reserved 1048576K
}
Event: 63.302 GC heap before
{Heap before GC invocations=53 (full 0):
 garbage-first heap   total 345088K, used 273539K [0x0000000080000000, 0x0000000100000000)
  region size 1024K, 80 young (81920K), 7 survivors (7168K)
 Metaspace       used 166979K, committed 169344K, reserved 1245184K
  class space    used 21443K, committed 22656K, reserved 1048576K
}
Event: 63.325 GC heap after
{Heap after GC invocations=54 (full 0):
 garbage-first heap   total 345088K, used 209425K [0x0000000080000000, 0x0000000100000000)
  region size 1024K, 14 young (14336K), 14 survivors (14336K)
 Metaspace       used 166979K, committed 169344K, reserved 1245184K
  class space    used 21443K, committed 22656K, reserved 1048576K
}

